0 info it worked if it ends with ok
1 verbose cli [ '/opt/local/bin/node', '/opt/local/bin/npm', 'run', 'lint' ]
2 info using npm@2.14.3
3 info using node@v0.12.7
4 verbose stack Error: missing script: lint
4 verbose stack     at run (/opt/local/lib/node_modules/npm/lib/run-script.js:142:19)
4 verbose stack     at /opt/local/lib/node_modules/npm/lib/run-script.js:58:5
4 verbose stack     at /opt/local/lib/node_modules/npm/node_modules/read-package-json/read-json.js:345:5
4 verbose stack     at checkBinReferences_ (/opt/local/lib/node_modules/npm/node_modules/read-package-json/read-json.js:309:45)
4 verbose stack     at final (/opt/local/lib/node_modules/npm/node_modules/read-package-json/read-json.js:343:3)
4 verbose stack     at then (/opt/local/lib/node_modules/npm/node_modules/read-package-json/read-json.js:113:5)
4 verbose stack     at /opt/local/lib/node_modules/npm/node_modules/read-package-json/read-json.js:284:20
4 verbose stack     at evalmachine.<anonymous>:263:20
4 verbose stack     at OpenReq.Req.done (/opt/local/lib/node_modules/npm/node_modules/read-package-json/node_modules/graceful-fs/graceful-fs.js:141:5)
4 verbose stack     at OpenReq.done (/opt/local/lib/node_modules/npm/node_modules/read-package-json/node_modules/graceful-fs/graceful-fs.js:61:22)
5 verbose cwd /Users/caizongming/Flowerhop/-DBLab-PM-Project-/Server
6 error Darwin 15.6.0
7 error argv "/opt/local/bin/node" "/opt/local/bin/npm" "run" "lint"
8 error node v0.12.7
9 error npm  v2.14.3
10 error missing script: lint
11 error If you need help, you may report this error at:
11 error     <https://github.com/npm/npm/issues>
12 verbose exit [ 1, true ]
